13:10:59.987 [main] DEBUG api.test.UserTest - debugging.....
13:11:00.040 [main] INFO  api.test.UserTest - ********** Creating user  ***************
13:11:04.950 [main] INFO  api.test.UserTest - **********User is creatged  ***************
13:11:04.966 [main] INFO  api.test.UserTest - ********** Reading User Info ***************
13:11:06.789 [main] INFO  api.test.UserTest - **********User info  is displayed ***************
13:11:06.796 [main] INFO  api.test.UserTest - ********** Updating User ***************
13:11:08.383 [main] INFO  api.test.UserTest - ********** User updated ***************
13:11:09.989 [main] INFO  api.test.UserTest - **********   Deleting User  ***************
13:11:11.583 [main] INFO  api.test.UserTest - ********** User deleted ***************
13:44:23.105 [main] DEBUG api.test.UserTest - debugging.....
13:44:23.131 [main] INFO  api.test.UserTest - ********** Creating user  ***************
13:44:26.895 [main] INFO  api.test.UserTest - **********User is creatged  ***************
13:44:26.904 [main] INFO  api.test.UserTest - ********** Reading User Info ***************
13:44:30.657 [main] INFO  api.test.UserTest - ********** Updating User ***************
13:44:32.258 [main] INFO  api.test.UserTest - ********** User updated ***************
13:44:33.859 [main] INFO  api.test.UserTest - **********   Deleting User  ***************
13:44:35.443 [main] INFO  api.test.UserTest - ********** User deleted ***************
14:14:08.954 [main] DEBUG org.apache.poi.openxml4j.opc.PackageRelationshipCollection - Parsing relationship: /xl/_rels/workbook.xml.rels
14:14:08.962 [main] DEBUG org.apache.poi.openxml4j.opc.PackageRelationshipCollection - Parsing relationship: /_rels/.rels
14:14:09.493 [main] DEBUG org.apache.poi.openxml4j.opc.PackageRelationshipCollection - Parsing relationship: /xl/_rels/workbook.xml.rels
14:14:09.495 [main] DEBUG org.apache.poi.openxml4j.opc.PackageRelationshipCollection - Parsing relationship: /_rels/.rels
14:14:09.537 [main] DEBUG org.apache.poi.openxml4j.opc.PackageRelationshipCollection - Parsing relationship: /xl/_rels/workbook.xml.rels
14:14:09.539 [main] DEBUG org.apache.poi.openxml4j.opc.PackageRelationshipCollection - Parsing relationship: /_rels/.rels
14:14:09.592 [main] DEBUG org.apache.poi.openxml4j.opc.PackageRelationshipCollection - Parsing relationship: /xl/_rels/workbook.xml.rels
14:14:09.594 [main] DEBUG org.apache.poi.openxml4j.opc.PackageRelationshipCollection - Parsing relationship: /_rels/.rels
14:14:09.625 [main] DEBUG org.apache.poi.openxml4j.opc.PackageRelationshipCollection - Parsing relationship: /xl/_rels/workbook.xml.rels
14:14:09.626 [main] DEBUG org.apache.poi.openxml4j.opc.PackageRelationshipCollection - Parsing relationship: /_rels/.rels
14:14:09.653 [main] DEBUG org.apache.poi.openxml4j.opc.PackageRelationshipCollection - Parsing relationship: /xl/_rels/workbook.xml.rels
14:14:09.654 [main] DEBUG org.apache.poi.openxml4j.opc.PackageRelationshipCollection - Parsing relationship: /_rels/.rels
14:14:09.677 [main] DEBUG org.apache.poi.openxml4j.opc.PackageRelationshipCollection - Parsing relationship: /xl/_rels/workbook.xml.rels
14:14:09.678 [main] DEBUG org.apache.poi.openxml4j.opc.PackageRelationshipCollection - Parsing relationship: /_rels/.rels
14:14:09.706 [main] DEBUG org.apache.poi.openxml4j.opc.PackageRelationshipCollection - Parsing relationship: /xl/_rels/workbook.xml.rels
14:14:09.707 [main] DEBUG org.apache.poi.openxml4j.opc.PackageRelationshipCollection - Parsing relationship: /_rels/.rels
14:14:09.732 [main] DEBUG org.apache.poi.openxml4j.opc.PackageRelationshipCollection - Parsing relationship: /xl/_rels/workbook.xml.rels
14:14:09.733 [main] DEBUG org.apache.poi.openxml4j.opc.PackageRelationshipCollection - Parsing relationship: /_rels/.rels
14:14:09.758 [main] DEBUG org.apache.poi.openxml4j.opc.PackageRelationshipCollection - Parsing relationship: /xl/_rels/workbook.xml.rels
14:14:09.759 [main] DEBUG org.apache.poi.openxml4j.opc.PackageRelationshipCollection - Parsing relationship: /_rels/.rels
14:14:09.786 [main] DEBUG org.apache.poi.openxml4j.opc.PackageRelationshipCollection - Parsing relationship: /xl/_rels/workbook.xml.rels
14:14:09.789 [main] DEBUG org.apache.poi.openxml4j.opc.PackageRelationshipCollection - Parsing relationship: /_rels/.rels
14:14:09.825 [main] DEBUG org.apache.poi.openxml4j.opc.PackageRelationshipCollection - Parsing relationship: /xl/_rels/workbook.xml.rels
14:14:09.826 [main] DEBUG org.apache.poi.openxml4j.opc.PackageRelationshipCollection - Parsing relationship: /_rels/.rels
14:14:09.861 [main] DEBUG org.apache.poi.openxml4j.opc.PackageRelationshipCollection - Parsing relationship: /xl/_rels/workbook.xml.rels
14:14:09.862 [main] DEBUG org.apache.poi.openxml4j.opc.PackageRelationshipCollection - Parsing relationship: /_rels/.rels
14:14:09.900 [main] DEBUG org.apache.poi.openxml4j.opc.PackageRelationshipCollection - Parsing relationship: /xl/_rels/workbook.xml.rels
14:14:09.901 [main] DEBUG org.apache.poi.openxml4j.opc.PackageRelationshipCollection - Parsing relationship: /_rels/.rels
14:14:09.931 [main] DEBUG org.apache.poi.openxml4j.opc.PackageRelationshipCollection - Parsing relationship: /xl/_rels/workbook.xml.rels
14:14:09.931 [main] DEBUG org.apache.poi.openxml4j.opc.PackageRelationshipCollection - Parsing relationship: /_rels/.rels
14:14:09.955 [main] DEBUG org.apache.poi.openxml4j.opc.PackageRelationshipCollection - Parsing relationship: /xl/_rels/workbook.xml.rels
14:14:09.956 [main] DEBUG org.apache.poi.openxml4j.opc.PackageRelationshipCollection - Parsing relationship: /_rels/.rels
14:14:09.991 [main] DEBUG org.apache.poi.openxml4j.opc.PackageRelationshipCollection - Parsing relationship: /xl/_rels/workbook.xml.rels
14:14:09.991 [main] DEBUG org.apache.poi.openxml4j.opc.PackageRelationshipCollection - Parsing relationship: /_rels/.rels
14:14:10.009 [main] DEBUG org.apache.poi.openxml4j.opc.PackageRelationshipCollection - Parsing relationship: /xl/_rels/workbook.xml.rels
14:14:10.011 [main] DEBUG org.apache.poi.openxml4j.opc.PackageRelationshipCollection - Parsing relationship: /_rels/.rels
14:14:10.031 [main] DEBUG org.apache.poi.openxml4j.opc.PackageRelationshipCollection - Parsing relationship: /xl/_rels/workbook.xml.rels
14:14:10.032 [main] DEBUG org.apache.poi.openxml4j.opc.PackageRelationshipCollection - Parsing relationship: /_rels/.rels
14:14:10.052 [main] DEBUG org.apache.poi.openxml4j.opc.PackageRelationshipCollection - Parsing relationship: /xl/_rels/workbook.xml.rels
14:14:10.053 [main] DEBUG org.apache.poi.openxml4j.opc.PackageRelationshipCollection - Parsing relationship: /_rels/.rels
14:14:10.070 [main] DEBUG org.apache.poi.openxml4j.opc.PackageRelationshipCollection - Parsing relationship: /xl/_rels/workbook.xml.rels
14:14:10.071 [main] DEBUG org.apache.poi.openxml4j.opc.PackageRelationshipCollection - Parsing relationship: /_rels/.rels
14:14:10.094 [main] DEBUG org.apache.poi.openxml4j.opc.PackageRelationshipCollection - Parsing relationship: /xl/_rels/workbook.xml.rels
14:14:10.095 [main] DEBUG org.apache.poi.openxml4j.opc.PackageRelationshipCollection - Parsing relationship: /_rels/.rels
14:14:10.113 [main] DEBUG org.apache.poi.openxml4j.opc.PackageRelationshipCollection - Parsing relationship: /xl/_rels/workbook.xml.rels
14:14:10.114 [main] DEBUG org.apache.poi.openxml4j.opc.PackageRelationshipCollection - Parsing relationship: /_rels/.rels
14:14:16.927 [main] DEBUG org.apache.poi.openxml4j.opc.PackageRelationshipCollection - Parsing relationship: /xl/_rels/workbook.xml.rels
14:14:16.928 [main] DEBUG org.apache.poi.openxml4j.opc.PackageRelationshipCollection - Parsing relationship: /_rels/.rels
14:14:16.948 [main] DEBUG org.apache.poi.openxml4j.opc.PackageRelationshipCollection - Parsing relationship: /xl/_rels/workbook.xml.rels
14:14:16.949 [main] DEBUG org.apache.poi.openxml4j.opc.PackageRelationshipCollection - Parsing relationship: /_rels/.rels
14:14:16.966 [main] DEBUG org.apache.poi.openxml4j.opc.PackageRelationshipCollection - Parsing relationship: /xl/_rels/workbook.xml.rels
14:14:16.967 [main] DEBUG org.apache.poi.openxml4j.opc.PackageRelationshipCollection - Parsing relationship: /_rels/.rels
14:14:16.988 [main] DEBUG org.apache.poi.openxml4j.opc.PackageRelationshipCollection - Parsing relationship: /xl/_rels/workbook.xml.rels
14:14:16.989 [main] DEBUG org.apache.poi.openxml4j.opc.PackageRelationshipCollection - Parsing relationship: /_rels/.rels
14:25:49.459 [main] DEBUG api.test.UserTests2 - debugging.....
14:25:49.504 [main] INFO  api.test.UserTests2 - ********** Creating user  ***************
14:25:53.452 [main] INFO  api.test.UserTests2 - **********User is creatged  ***************
14:25:53.485 [main] INFO  api.test.UserTests2 - ********** Reading User Info ***************
14:25:55.217 [main] INFO  api.test.UserTests2 - **********User info  is displayed ***************
14:25:55.229 [main] INFO  api.test.UserTests2 - ********** Updating User ***************
14:25:56.841 [main] INFO  api.test.UserTests2 - ********** User updated ***************
14:25:58.386 [main] INFO  api.test.UserTests2 - **********   Deleting User  ***************
14:26:00.079 [main] INFO  api.test.UserTests2 - ********** User deleted ***************
14:35:16.897 [main] DEBUG api.test.UserTests2 - debugging.....
14:35:16.920 [main] INFO  api.test.UserTests2 - ********** Creating user  ***************
14:35:21.461 [main] INFO  api.test.UserTests2 - **********User is creatged  ***************
14:35:21.482 [main] INFO  api.test.UserTests2 - ********** Reading User Info ***************
14:35:23.287 [main] INFO  api.test.UserTests2 - **********User info  is displayed ***************
14:35:23.292 [main] INFO  api.test.UserTests2 - ********** Updating User ***************
14:35:24.886 [main] INFO  api.test.UserTests2 - ********** User updated ***************
14:35:26.484 [main] INFO  api.test.UserTests2 - **********   Deleting User  ***************
14:35:28.082 [main] INFO  api.test.UserTests2 - ********** User deleted ***************
14:53:09.793 [main] DEBUG api.test.UserTests2 - debugging.....
14:53:09.810 [main] INFO  api.test.UserTests2 - ********** Creating user  ***************
14:53:14.105 [main] INFO  api.test.UserTests2 - **********User is creatged  ***************
14:53:14.116 [main] INFO  api.test.UserTests2 - ********** Reading User Info ***************
14:53:15.620 [main] INFO  api.test.UserTests2 - **********User info  is displayed ***************
14:53:15.623 [main] INFO  api.test.UserTests2 - ********** Updating User ***************
14:53:17.213 [main] INFO  api.test.UserTests2 - ********** User updated ***************
14:53:18.840 [main] INFO  api.test.UserTests2 - **********   Deleting User  ***************
14:53:20.414 [main] INFO  api.test.UserTests2 - ********** User deleted ***************
14:53:41.792 [main] DEBUG api.test.UserTests2 - debugging.....
14:53:41.809 [main] INFO  api.test.UserTests2 - ********** Creating user  ***************
14:53:45.469 [main] INFO  api.test.UserTests2 - **********User is creatged  ***************
14:53:45.483 [main] INFO  api.test.UserTests2 - ********** Reading User Info ***************
14:53:47.208 [main] INFO  api.test.UserTests2 - **********User info  is displayed ***************
14:53:47.212 [main] INFO  api.test.UserTests2 - ********** Updating User ***************
14:53:49.215 [main] INFO  api.test.UserTests2 - ********** User updated ***************
14:53:50.817 [main] INFO  api.test.UserTests2 - **********   Deleting User  ***************
14:55:28.322 [main] DEBUG api.test.UserTests2 - debugging.....
14:55:28.348 [main] INFO  api.test.UserTests2 - ********** Creating user  ***************
14:55:32.330 [main] INFO  api.test.UserTests2 - **********User is creatged  ***************
14:55:32.342 [main] INFO  api.test.UserTests2 - ********** Reading User Info ***************
14:55:33.859 [main] INFO  api.test.UserTests2 - **********User info  is displayed ***************
14:55:33.862 [main] INFO  api.test.UserTests2 - ********** Updating User ***************
14:55:35.458 [main] INFO  api.test.UserTests2 - ********** User updated ***************
14:55:37.033 [main] INFO  api.test.UserTests2 - **********   Deleting User  ***************
14:55:38.657 [main] INFO  api.test.UserTests2 - ********** User deleted ***************
14:57:42.252 [main] DEBUG api.test.UserTests2 - debugging.....
14:57:42.277 [main] INFO  api.test.UserTests2 - ********** Creating user  ***************
14:57:46.105 [main] INFO  api.test.UserTests2 - **********User is creatged  ***************
14:57:46.117 [main] INFO  api.test.UserTests2 - ********** Reading User Info ***************
14:57:47.971 [main] INFO  api.test.UserTests2 - ********** Updating User ***************
14:57:49.538 [main] INFO  api.test.UserTests2 - ********** User updated ***************
14:57:51.142 [main] INFO  api.test.UserTests2 - **********   Deleting User  ***************
14:58:07.983 [main] DEBUG api.test.UserTests2 - debugging.....
14:58:08.010 [main] INFO  api.test.UserTests2 - ********** Creating user  ***************
14:58:11.693 [main] INFO  api.test.UserTests2 - **********User is creatged  ***************
14:58:11.700 [main] INFO  api.test.UserTests2 - ********** Reading User Info ***************
14:58:13.567 [main] INFO  api.test.UserTests2 - ********** Updating User ***************
14:58:15.141 [main] INFO  api.test.UserTests2 - ********** User updated ***************
14:58:16.745 [main] INFO  api.test.UserTests2 - **********   Deleting User  ***************
14:58:18.188 [main] INFO  api.test.UserTests2 - ********** User deleted ***************
13:40:52.069 [main] DEBUG api.test.UserTests2 - debugging.....
13:40:52.087 [main] INFO  api.test.UserTests2 - ********** Creating user  ***************
13:40:56.195 [main] INFO  api.test.UserTests2 - **********User is creatged  ***************
13:40:56.208 [main] INFO  api.test.UserTests2 - ********** Reading User Info ***************
13:40:58.076 [main] INFO  api.test.UserTests2 - **********User info  is displayed ***************
13:40:58.078 [main] INFO  api.test.UserTests2 - ********** Updating User ***************
13:40:59.677 [main] INFO  api.test.UserTests2 - ********** User updated ***************
13:41:01.169 [main] INFO  api.test.UserTests2 - **********   Deleting User  ***************
13:41:02.829 [main] INFO  api.test.UserTests2 - ********** User deleted ***************
